{"numFailedTestSuites":0,"numFailedTests":0,"numPassedTestSuites":35,"numPassedTests":68,"numPendingTestSuites":0,"numPendingTests":0,"numRuntimeErrorTestSuites":0,"numTodoTests":0,"numTotalTestSuites":35,"numTotalTests":68,"openHandles":[],"snapshot":{"added":0,"didUpdate":false,"failure":false,"filesAdded":0,"filesRemoved":0,"filesRemovedList":[],"filesUnmatched":0,"filesUpdated":0,"matched":39,"total":39,"unchecked":0,"uncheckedKeysByFile":[],"unmatched":0,"updated":0},"startTime":1617135539968,"success":true,"testResults":[{"assertionResults":[{"ancestorTitles":["client","setAppDefaultState()"],"failureMessages":[],"fullName":"client setAppDefaultState() must set app state","location":null,"status":"passed","title":"must set app state"}],"endTime":1617135550704,"message":"","name":"/Users/mts/MtsHub/mts/packages/client/src/store/__tests__/client.test.js","startTime":1617135544252,"status":"passed","summary":""},{"assertionResults":[{"ancestorTitles":["<BlogTemplate />","Render"],"failureMessages":[],"fullName":"<BlogTemplate /> Render must match regular","location":null,"status":"passed","title":"must match regular"}],"endTime":1617135551735,"message":"","name":"/Users/mts/MtsHub/mts/packages/client/src/pattern/template/BlogTemplate/__tests__/BlogTemplate.int.test.js","startTime":1617135543848,"status":"passed","summary":""},{"assertionResults":[{"ancestorTitles":["index","homePageRoute"],"failureMessages":[],"fullName":"index homePageRoute must return home page route object","location":null,"status":"passed","title":"must return home page route object"},{"ancestorTitles":["index","aboutPageRoute"],"failureMessages":[],"fullName":"index aboutPageRoute must return about page route object","location":null,"status":"passed","title":"must return about page route object"},{"ancestorTitles":["index","blogPageRoute"],"failureMessages":[],"fullName":"index blogPageRoute must return blog page route object","location":null,"status":"passed","title":"must return blog page route object"},{"ancestorTitles":["index","coursesPageRoute"],"failureMessages":[],"fullName":"index coursesPageRoute must return courses page route object","location":null,"status":"passed","title":"must return courses page route object"},{"ancestorTitles":["index","notFoundPageRoute"],"failureMessages":[],"fullName":"index notFoundPageRoute must return not found page route object","location":null,"status":"passed","title":"must return not found page route object"}],"endTime":1617135552097,"message":"","name":"/Users/mts/MtsHub/mts/packages/client/src/route/__tests__/index.test.js","startTime":1617135544285,"status":"passed","summary":""},{"assertionResults":[{"ancestorTitles":["<AboutPage />","Render"],"failureMessages":[],"fullName":"<AboutPage /> Render must match async","location":null,"status":"passed","title":"must match async"},{"ancestorTitles":["<AboutPage />","Render"],"failureMessages":[],"fullName":"<AboutPage /> Render must match regular","location":null,"status":"passed","title":"must match regular"}],"endTime":1617135552697,"message":"","name":"/Users/mts/MtsHub/mts/packages/client/src/pattern/page/AboutPage/__tests__/AboutPage.int.test.js","startTime":1617135544358,"status":"passed","summary":""},{"assertionResults":[{"ancestorTitles":["<HomePage />","Render"],"failureMessages":[],"fullName":"<HomePage /> Render must match async","location":null,"status":"passed","title":"must match async"},{"ancestorTitles":["<HomePage />","Render"],"failureMessages":[],"fullName":"<HomePage /> Render must match regular","location":null,"status":"passed","title":"must match regular"}],"endTime":1617135552699,"message":"","name":"/Users/mts/MtsHub/mts/packages/client/src/pattern/page/HomePage/__tests__/HomePage.int.test.js","startTime":1617135544290,"status":"passed","summary":""},{"assertionResults":[{"ancestorTitles":["<HomeTemplate />","Render"],"failureMessages":[],"fullName":"<HomeTemplate /> Render must match regular","location":null,"status":"passed","title":"must match regular"}],"endTime":1617135552787,"message":"","name":"/Users/mts/MtsHub/mts/packages/client/src/pattern/template/HomeTemplate/__tests__/HomeTemplate.int.test.js","startTime":1617135544306,"status":"passed","summary":""},{"assertionResults":[{"ancestorTitles":["<BlogPage />","Render"],"failureMessages":[],"fullName":"<BlogPage /> Render must match async","location":null,"status":"passed","title":"must match async"},{"ancestorTitles":["<BlogPage />","Render"],"failureMessages":[],"fullName":"<BlogPage /> Render must match regular","location":null,"status":"passed","title":"must match regular"}],"endTime":1617135553716,"message":"","name":"/Users/mts/MtsHub/mts/packages/client/src/pattern/page/BlogPage/__tests__/BlogPage.int.test.js","startTime":1617135544338,"status":"passed","summary":""},{"assertionResults":[{"ancestorTitles":["completeState","setAppCompleteStateThunk()"],"failureMessages":[],"fullName":"completeState setAppCompleteStateThunk() must dispatch apiRestGitHubSetMTSRepositoriesAction() action with getUsersMTSReposRest() response data","location":null,"status":"passed","title":"must dispatch apiRestGitHubSetMTSRepositoriesAction() action with getUsersMTSReposRest() response data"},{"ancestorTitles":["completeState","setAppCompleteStateThunk()"],"failureMessages":[],"fullName":"completeState setAppCompleteStateThunk() must dispatch apiGraphQLGitHubSetMTSRepositoriesAction() action with getUsersMTSReposGraphQL() response data","location":null,"status":"passed","title":"must dispatch apiGraphQLGitHubSetMTSRepositoriesAction() action with getUsersMTSReposGraphQL() response data"}],"endTime":1617135553751,"message":"","name":"/Users/mts/MtsHub/mts/packages/client/src/store/thunk/__tests__/completeState.test.js","startTime":1617135552471,"status":"passed","summary":""},{"assertionResults":[{"ancestorTitles":["<ErrorBoundary />","Render"],"failureMessages":[],"fullName":"<ErrorBoundary /> Render must match regular()","location":null,"status":"passed","title":"must match regular()"}],"endTime":1617135554110,"message":"","name":"/Users/mts/MtsHub/mts/packages/client/src/pattern/atom/ErrorBoundary/__tests__/ErrorBoundary.int.test.js","startTime":1617135552735,"status":"passed","summary":""},{"assertionResults":[{"ancestorTitles":["<AboutTemplate />","Render"],"failureMessages":[],"fullName":"<AboutTemplate /> Render must match regular","location":null,"status":"passed","title":"must match regular"}],"endTime":1617135554215,"message":"","name":"/Users/mts/MtsHub/mts/packages/client/src/pattern/template/AboutTemplate/__tests__/AboutTemplate.int.test.js","startTime":1617135552469,"status":"passed","summary":""},{"assertionResults":[{"ancestorTitles":["<NotFoundTemplate />","Render"],"failureMessages":[],"fullName":"<NotFoundTemplate /> Render must match regular","location":null,"status":"passed","title":"must match regular"}],"endTime":1617135554327,"message":"","name":"/Users/mts/MtsHub/mts/packages/client/src/pattern/template/NotFoundTemplate/__tests__/NotFoundTemplate.int.test.js","startTime":1617135552946,"status":"passed","summary":""},{"assertionResults":[{"ancestorTitles":["<LoremIpsum />","Render","Paragraph"],"failureMessages":[],"fullName":"<LoremIpsum /> Render Paragraph must match paragraphX2SmallTimesOne","location":null,"status":"passed","title":"must match paragraphX2SmallTimesOne"},{"ancestorTitles":["<LoremIpsum />","Render","Paragraph"],"failureMessages":[],"fullName":"<LoremIpsum /> Render Paragraph must match paragraphX1SmallTimesOne","location":null,"status":"passed","title":"must match paragraphX1SmallTimesOne"},{"ancestorTitles":["<LoremIpsum />","Render","Paragraph"],"failureMessages":[],"fullName":"<LoremIpsum /> Render Paragraph must match paragraphSmallTimesOne","location":null,"status":"passed","title":"must match paragraphSmallTimesOne"},{"ancestorTitles":["<LoremIpsum />","Render","Paragraph"],"failureMessages":[],"fullName":"<LoremIpsum /> Render Paragraph must match paragraphMediumTimesOne","location":null,"status":"passed","title":"must match paragraphMediumTimesOne"},{"ancestorTitles":["<LoremIpsum />","Render","Paragraph"],"failureMessages":[],"fullName":"<LoremIpsum /> Render Paragraph must match paragraphLargeTimesOne","location":null,"status":"passed","title":"must match paragraphLargeTimesOne"},{"ancestorTitles":["<LoremIpsum />","Render","Text"],"failureMessages":[],"fullName":"<LoremIpsum /> Render Text must match textX2SmallTimesOne","location":null,"status":"passed","title":"must match textX2SmallTimesOne"},{"ancestorTitles":["<LoremIpsum />","Render","Text"],"failureMessages":[],"fullName":"<LoremIpsum /> Render Text must match textX1SmallTimesOne","location":null,"status":"passed","title":"must match textX1SmallTimesOne"},{"ancestorTitles":["<LoremIpsum />","Render","Text"],"failureMessages":[],"fullName":"<LoremIpsum /> Render Text must match textSmallTimesOne","location":null,"status":"passed","title":"must match textSmallTimesOne"},{"ancestorTitles":["<LoremIpsum />","Render","Text"],"failureMessages":[],"fullName":"<LoremIpsum /> Render Text must match textMediumTimesOne","location":null,"status":"passed","title":"must match textMediumTimesOne"},{"ancestorTitles":["<LoremIpsum />","Render","Text"],"failureMessages":[],"fullName":"<LoremIpsum /> Render Text must match textLargeTimesOne","location":null,"status":"passed","title":"must match textLargeTimesOne"}],"endTime":1617135554451,"message":"","name":"/Users/mts/MtsHub/mts/packages/client/src/pattern/atom/LoremIpsum/__tests__/LoremIpsum.int.test.js","startTime":1617135552849,"status":"passed","summary":""},{"assertionResults":[{"ancestorTitles":["index","getAppReducer()","api state"],"failureMessages":[],"fullName":"index getAppReducer() api state must return new state with given payload when API_REST_GITHUB_SET_MTS_REPOSITORIES action dispatched","location":null,"status":"passed","title":"must return new state with given payload when API_REST_GITHUB_SET_MTS_REPOSITORIES action dispatched"}],"endTime":1617135555072,"message":"","name":"/Users/mts/MtsHub/mts/packages/client/src/store/reducer/__tests__/index.test.js","startTime":1617135553811,"status":"passed","summary":""},{"assertionResults":[{"ancestorTitles":["<CoursesPage />","Render"],"failureMessages":[],"fullName":"<CoursesPage /> Render must match async","location":null,"status":"passed","title":"must match async"},{"ancestorTitles":["<CoursesPage />","Render"],"failureMessages":[],"fullName":"<CoursesPage /> Render must match regular","location":null,"status":"passed","title":"must match regular"}],"endTime":1617135555271,"message":"","name":"/Users/mts/MtsHub/mts/packages/client/src/pattern/page/CoursesPage/__tests__/CoursesPage.int.test.js","startTime":1617135553795,"status":"passed","summary":""},{"assertionResults":[{"ancestorTitles":["<BlogMain />","Render"],"failureMessages":[],"fullName":"<BlogMain /> Render must match regular()","location":null,"status":"passed","title":"must match regular()"}],"endTime":1617135555554,"message":"","name":"/Users/mts/MtsHub/mts/packages/client/src/pattern/molecule/BlogMain/__tests__/BlogMain.int.test.js","startTime":1617135552395,"status":"passed","summary":""},{"assertionResults":[{"ancestorTitles":["<Navigation />","Render"],"failureMessages":[],"fullName":"<Navigation /> Render must match regular","location":null,"status":"passed","title":"must match regular"}],"endTime":1617135555721,"message":"","name":"/Users/mts/MtsHub/mts/packages/client/src/pattern/molecule/Navigation/__tests__/Navigation.int.test.js","startTime":1617135554343,"status":"passed","summary":""},{"assertionResults":[{"ancestorTitles":["<NoMatch />","Render"],"failureMessages":[],"fullName":"<NoMatch /> Render must match regular","location":null,"status":"passed","title":"must match regular"}],"endTime":1617135555870,"message":"","name":"/Users/mts/MtsHub/mts/packages/client/src/pattern/atom/NoMatch/__tests__/NoMatch.int.test.js","startTime":1617135554559,"status":"passed","summary":""},{"assertionResults":[{"ancestorTitles":["<HomeMain />","Render"],"failureMessages":[],"fullName":"<HomeMain /> Render must match regular()","location":null,"status":"passed","title":"must match regular()"}],"endTime":1617135555872,"message":"","name":"/Users/mts/MtsHub/mts/packages/client/src/pattern/molecule/HomeMain/__tests__/HomeMain.int.test.js","startTime":1617135554126,"status":"passed","summary":""},{"assertionResults":[{"ancestorTitles":["<CoursesContent />","Render"],"failureMessages":[],"fullName":"<CoursesContent /> Render must match regular()","location":null,"status":"passed","title":"must match regular()"}],"endTime":1617135555982,"message":"","name":"/Users/mts/MtsHub/mts/packages/client/src/pattern/molecule/CoursesContent/__tests__/CoursesContent.int.test.js","startTime":1617135554253,"status":"passed","summary":""},{"assertionResults":[{"ancestorTitles":["<Book />","Render"],"failureMessages":[],"fullName":"<Book /> Render must match regular()","location":null,"status":"passed","title":"must match regular()"}],"endTime":1617135556961,"message":"","name":"/Users/mts/MtsHub/mts/packages/client/src/pattern/molecule/Book/__tests__/Book.int.test.js","startTime":1617135555544,"status":"passed","summary":""},{"assertionResults":[{"ancestorTitles":["<Newsletter />","Render"],"failureMessages":[],"fullName":"<Newsletter /> Render must match regular()","location":null,"status":"passed","title":"must match regular()"}],"endTime":1617135557029,"message":"","name":"/Users/mts/MtsHub/mts/packages/client/src/pattern/molecule/Newsletter/__tests__/Newsletter.int.test.js","startTime":1617135555102,"status":"passed","summary":""},{"assertionResults":[{"ancestorTitles":["<NotFoundPage />","Render"],"failureMessages":[],"fullName":"<NotFoundPage /> Render must match async","location":null,"status":"passed","title":"must match async"},{"ancestorTitles":["<NotFoundPage />","Render"],"failureMessages":[],"fullName":"<NotFoundPage /> Render must match regular","location":null,"status":"passed","title":"must match regular"}],"endTime":1617135559682,"message":"","name":"/Users/mts/MtsHub/mts/packages/client/src/pattern/page/NotFoundPage/__tests__/NotFoundPage.int.test.js","startTime":1617135558651,"status":"passed","summary":""},{"assertionResults":[{"ancestorTitles":["<UnderConstruction />","Render"],"failureMessages":[],"fullName":"<UnderConstruction /> Render must match regular","location":null,"status":"passed","title":"must match regular"}],"endTime":1617135559673,"message":"","name":"/Users/mts/MtsHub/mts/packages/client/src/pattern/atom/UnderConstruction/__tests__/UnderConstruction.int.test.js","startTime":1617135558655,"status":"passed","summary":""},{"assertionResults":[{"ancestorTitles":["<CoursesHeader />","Render"],"failureMessages":[],"fullName":"<CoursesHeader /> Render must match regular()","location":null,"status":"passed","title":"must match regular()"}],"endTime":1617135560244,"message":"","name":"/Users/mts/MtsHub/mts/packages/client/src/pattern/molecule/CoursesHeader/__tests__/CoursesHeader.int.test.js","startTime":1617135559760,"status":"passed","summary":""},{"assertionResults":[{"ancestorTitles":["<Footer />","Render"],"failureMessages":[],"fullName":"<Footer /> Render must match regular()","location":null,"status":"passed","title":"must match regular()"}],"endTime":1617135561443,"message":"","name":"/Users/mts/MtsHub/mts/packages/client/src/pattern/molecule/Footer/__tests__/Footer.int.test.js","startTime":1617135560903,"status":"passed","summary":""},{"assertionResults":[{"ancestorTitles":["<AboutMain />","Render"],"failureMessages":[],"fullName":"<AboutMain /> Render must match regular()","location":null,"status":"passed","title":"must match regular()"}],"endTime":1617135558921,"message":"","name":"/Users/mts/MtsHub/mts/packages/client/src/pattern/molecule/AboutMain/__tests__/AboutMain.int.test.js","startTime":1617135557506,"status":"passed","summary":""},{"assertionResults":[{"ancestorTitles":["mock","getAppMockStore()"],"failureMessages":[],"fullName":"mock getAppMockStore() must return a store with default data when custom data not provided ","location":null,"status":"passed","title":"must return a store with default data when custom data not provided "},{"ancestorTitles":["mock","getAppMockStore()"],"failureMessages":[],"fullName":"mock getAppMockStore() must return a store with custom data when custom data provided","location":null,"status":"passed","title":"must return a store with custom data when custom data provided"}],"endTime":1617135562089,"message":"","name":"/Users/mts/MtsHub/mts/packages/library/src/store/__tests__/mock.test.js","startTime":1617135561509,"status":"passed","summary":""},{"assertionResults":[{"ancestorTitles":["default","getAppDefaultStateFromData()"],"failureMessages":[],"fullName":"default getAppDefaultStateFromData() must return context default state with default values","location":null,"status":"passed","title":"must return context default state with default values"},{"ancestorTitles":["default","getAppDefaultStateFromData()"],"failureMessages":[],"fullName":"default getAppDefaultStateFromData() must return context default state with given values","location":null,"status":"passed","title":"must return context default state with given values"},{"ancestorTitles":["default","getAppDefaultStateFromData()"],"failureMessages":[],"fullName":"default getAppDefaultStateFromData() must return api default state ","location":null,"status":"passed","title":"must return api default state "},{"ancestorTitles":["default","getAppDefaultStateFromData()"],"failureMessages":[],"fullName":"default getAppDefaultStateFromData() must return ui default state ","location":null,"status":"passed","title":"must return ui default state "}],"endTime":1617135562907,"message":"","name":"/Users/mts/MtsHub/mts/packages/library/src/state/__tests__/default.test.js","startTime":1617135562403,"status":"passed","summary":""},{"assertionResults":[{"ancestorTitles":["<ShareButtons />","Render"],"failureMessages":[],"fullName":"<ShareButtons /> Render must match regular()","location":null,"status":"passed","title":"must match regular()"}],"endTime":1617135563030,"message":"","name":"/Users/mts/MtsHub/mts/packages/client/src/pattern/molecule/ShareButtons/__tests__/ShareButtons.int.test.js","startTime":1617135562403,"status":"passed","summary":""},{"assertionResults":[{"ancestorTitles":["library","deepCloneObject()"],"failureMessages":[],"fullName":"library deepCloneObject() must return a clone of given object","location":null,"status":"passed","title":"must return a clone of given object"},{"ancestorTitles":["library","deepCloneObject()"],"failureMessages":[],"fullName":"library deepCloneObject() must return undefined when given no object","location":null,"status":"passed","title":"must return undefined when given no object"}],"endTime":1617135562947,"message":"","name":"/Users/mts/MtsHub/mts/packages/library/src/__tests__/object.test.js","startTime":1617135562410,"status":"passed","summary":""},{"assertionResults":[{"ancestorTitles":["<Image />","Render"],"failureMessages":[],"fullName":"<Image /> Render must match regular()","location":null,"status":"passed","title":"must match regular()"}],"endTime":1617135561870,"message":"","name":"/Users/mts/MtsHub/mts/packages/client/src/pattern/atom/Image/__tests__/Image.int.test.js","startTime":1617135561254,"status":"passed","summary":""},{"assertionResults":[{"ancestorTitles":["<CoursesTemplate />","Regular"],"failureMessages":[],"fullName":"<CoursesTemplate /> Regular must match regular","location":null,"status":"passed","title":"must match regular"}],"endTime":1617135561916,"message":"","name":"/Users/mts/MtsHub/mts/packages/client/src/pattern/template/CoursesTemplate/__tests__/CoursesTemplate.int.test.js","startTime":1617135561253,"status":"passed","summary":""},{"assertionResults":[{"ancestorTitles":["index","setMiddlewares()"],"failureMessages":[],"fullName":"index setMiddlewares() must have thunk and logger middleware when running on localhost","location":null,"status":"passed","title":"must have thunk and logger middleware when running on localhost"},{"ancestorTitles":["index","setMiddlewares()"],"failureMessages":[],"fullName":"index setMiddlewares() must only have thunk middleware when not running on localhost","location":null,"status":"passed","title":"must only have thunk middleware when not running on localhost"}],"endTime":1617135564263,"message":"","name":"/Users/mts/MtsHub/mts/packages/client/src/store/__tests__/base.test.js","startTime":1617135563504,"status":"passed","summary":""},{"assertionResults":[{"ancestorTitles":["actionCreators","apiRestGitHubSetMTSRepositoriesAction()"],"failureMessages":[],"fullName":"actionCreators apiRestGitHubSetMTSRepositoriesAction() must return action with given payload","location":null,"status":"passed","title":"must return action with given payload"},{"ancestorTitles":["actionCreators","apiGraphQLGitHubSetMTSRepositoriesAction()"],"failureMessages":[],"fullName":"actionCreators apiGraphQLGitHubSetMTSRepositoriesAction() must return action with given payload","location":null,"status":"passed","title":"must return action with given payload"}],"endTime":1617135564832,"message":"","name":"/Users/mts/MtsHub/mts/packages/client/src/store/action/__tests__/actionCreators.test.js","startTime":1617135564410,"status":"passed","summary":""},{"assertionResults":[{"ancestorTitles":["path","homePagePath"],"failureMessages":[],"fullName":"path homePagePath must return path with base url when process.env.BASE_URL is present","location":null,"status":"passed","title":"must return path with base url when process.env.BASE_URL is present"},{"ancestorTitles":["path","homePagePath"],"failureMessages":[],"fullName":"path homePagePath must return path without base url when process.env.BASE_URL is absent","location":null,"status":"passed","title":"must return path without base url when process.env.BASE_URL is absent"},{"ancestorTitles":["path","aboutPagePath"],"failureMessages":[],"fullName":"path aboutPagePath must return path with base url when process.env.BASE_URL is present","location":null,"status":"passed","title":"must return path with base url when process.env.BASE_URL is present"},{"ancestorTitles":["path","aboutPagePath"],"failureMessages":[],"fullName":"path aboutPagePath must return path without base url when process.env.BASE_URL is absent","location":null,"status":"passed","title":"must return path without base url when process.env.BASE_URL is absent"},{"ancestorTitles":["path","blogPagePath"],"failureMessages":[],"fullName":"path blogPagePath must return path with base url when process.env.BASE_URL is present","location":null,"status":"passed","title":"must return path with base url when process.env.BASE_URL is present"},{"ancestorTitles":["path","blogPagePath"],"failureMessages":[],"fullName":"path blogPagePath must return path without base url when process.env.BASE_URL is absent","location":null,"status":"passed","title":"must return path without base url when process.env.BASE_URL is absent"},{"ancestorTitles":["path","coursesPagePath"],"failureMessages":[],"fullName":"path coursesPagePath must return path with base url when process.env.BASE_URL is present","location":null,"status":"passed","title":"must return path with base url when process.env.BASE_URL is present"},{"ancestorTitles":["path","coursesPagePath"],"failureMessages":[],"fullName":"path coursesPagePath must return path without base url when process.env.BASE_URL is absent","location":null,"status":"passed","title":"must return path without base url when process.env.BASE_URL is absent"}],"endTime":1617135564268,"message":"","name":"/Users/mts/MtsHub/mts/packages/client/src/route/__tests__/path.test.js","startTime":1617135563502,"status":"passed","summary":""}],"wasInterrupted":false}